[17:26:59] [main/INFO]: Setting user: Player731
[17:27:00] [Client thread/INFO]: LWJGL Version: 2.9.1
[17:27:05] [Client thread/INFO]: Reloading ResourceManager: Default, FMLFileResourcePack:Forge Mod Loader, FMLFileResourcePack:Minecraft Forge, FMLFileResourcePack:Quarium Mod
[17:27:06] [Sound Library Loader/INFO]: Sound engine started
[17:27:07] [Client thread/INFO]: Created: 16x16 textures/blocks-atlas
[17:27:07] [Client thread/INFO]: Created: 16x16 textures/items-atlas
[17:27:07] [Client thread/INFO]: Reloading ResourceManager: Default, FMLFileResourcePack:Forge Mod Loader, FMLFileResourcePack:Minecraft Forge, FMLFileResourcePack:Quarium Mod
[17:27:07] [Client thread/INFO]: Created: 512x256 textures/blocks-atlas
[17:27:07] [Client thread/INFO]: Created: 1024x512 textures/items-atlas
[17:27:08] [Sound Library Loader/INFO]: Sound engine started
[17:27:11] [Server thread/INFO]: Starting integrated minecraft server version 1.7.10
[17:27:11] [Server thread/INFO]: Generating keypair
[17:27:12] [Server thread/INFO]: Preparing start region for level 0
[17:27:13] [Server thread/INFO]: Preparing spawn area: 17%
[17:27:13] [Server thread/INFO]: Changing view distance to 4, from 10
[17:27:13] [Server thread/INFO]: Player731[local:E:21362f03] logged in with entity id 308 at (-104.83187107506984, 67.0, 250.23841138534095)
[17:27:13] [Server thread/INFO]: Player731 joined the game
[17:27:19] [Server thread/INFO]: Player731 has just earned the achievement [Taking Inventory]
[17:27:19] [Client thread/INFO]: [CHAT] Player731 has just earned the achievement [Taking Inventory]
[17:27:27] [Client thread/INFO]: [CHAT] Saved screenshot as 2020-05-03_17.27.27.png
[17:31:45] [Server thread/WARN]: Can't keep up! Did the system time change, or is the server overloaded? Running 2069ms behind, skipping 41 tick(s)
[18:04:09] [Server thread/INFO]: Saving and pausing game...
[18:04:09] [Server thread/INFO]: Saving chunks for level 'UNIT'/Overworld
[18:04:09] [Server thread/INFO]: Saving chunks for level 'UNIT'/Nether
[18:04:09] [Server thread/INFO]: Saving chunks for level 'UNIT'/The End
[18:32:14] [Client thread/INFO]: Stopping!
[18:32:14] [Server thread/INFO]: Stopping server
[18:32:14] [Server thread/INFO]: Saving players
[18:32:14] [Server thread/INFO]: Saving worlds
[18:32:14] [Server thread/INFO]: Saving chunks for level 'UNIT'/Overworld
[18:32:14] [Server thread/INFO]: Saving chunks for level 'UNIT'/Nether
[18:32:14] [Server thread/INFO]: Saving chunks for level 'UNIT'/The End
